0 info it worked if it ends with ok
1 verbose cli [ '/Users/yuchengwu/.nvm/versions/node/v4.0.0/bin/node',
1 verbose cli   '/Users/yuchengwu/.nvm/versions/node/v4.0.0/bin/npm',
1 verbose cli   'run',
1 verbose cli   'dev' ]
2 info using npm@2.14.2
3 info using node@v4.0.0
4 verbose run-script [ 'predev', 'dev', 'postdev' ]
5 info predev resume-portfolio@0.0.0
6 info dev resume-portfolio@0.0.0
7 verbose unsafe-perm in lifecycle true
8 info resume-portfolio@0.0.0 Failed to exec dev script
9 verbose stack Error: resume-portfolio@0.0.0 dev: `vite`
9 verbose stack Exit status 1
9 verbose stack     at EventEmitter.<anonymous> (/Users/yuchengwu/.nvm/versions/node/v4.0.0/lib/node_modules/npm/lib/utils/lifecycle.js:214:16)
9 verbose stack     at emitTwo (events.js:87:13)
9 verbose stack     at EventEmitter.emit (events.js:172:7)
9 verbose stack     at ChildProcess.<anonymous> (/Users/yuchengwu/.nvm/versions/node/v4.0.0/lib/node_modules/npm/lib/utils/spawn.js:24:14)
9 verbose stack     at emitTwo (events.js:87:13)
9 verbose stack     at ChildProcess.emit (events.js:172:7)
9 verbose stack     at maybeClose (internal/child_process.js:817:16)
9 verbose stack     at Process.ChildProcess._handle.onexit (internal/child_process.js:211:5)
10 verbose pkgid resume-portfolio@0.0.0
11 verbose cwd /Users/yuchengwu/Desktop/ken87085.github.io
12 error Darwin 22.6.0
13 error argv "/Users/yuchengwu/.nvm/versions/node/v4.0.0/bin/node" "/Users/yuchengwu/.nvm/versions/node/v4.0.0/bin/npm" "run" "dev"
14 error node v4.0.0
15 error npm  v2.14.2
16 error code ELIFECYCLE
17 error resume-portfolio@0.0.0 dev: `vite`
17 error Exit status 1
18 error Failed at the resume-portfolio@0.0.0 dev script 'vite'.
18 error This is most likely a problem with the resume-portfolio package,
18 error not with npm itself.
18 error Tell the author that this fails on your system:
18 error     vite
18 error You can get their info via:
18 error     npm owner ls resume-portfolio
18 error There is likely additional logging output above.
19 verbose exit [ 1, true ]
